<?xml version="1.0" encoding="UTF-8"?>
<!-- Generated by org.testng.reporters.JUnitReportReporter -->
<testsuite hostname="Varshini" failures="0" tests="4" name="testcase.TestRunner" time="27.476" errors="0" timestamp="2023-02-25T20:03:17 EST" skipped="0">
  <testcase classname="testcase.TestRunner" name="LogIn" time="3.727"/>
  <system-out/>
  <testcase classname="testcase.TestRunner" name="AccessGraph1" time="5.677"/>
  <system-out/>
  <testcase classname="testcase.TestRunner" name="AccessTreeTopics" time="15.771"/>
  <system-out/>
  <testcase classname="testcase.TestRunner" name="homepage" time="2.301"/>
  <system-out/>
</testsuite> <!-- testcase.TestRunner -->
