<?xml version="1.0" encoding="UTF-8"?>
<!-- Generated by org.testng.reporters.JUnitReportReporter -->
<testsuite hostname="Varshini" failures="0" tests="1" name="testcase.TestRunner" time="2.213" errors="0" timestamp="2023-02-25T15:46:15 EST" skipped="0">
  <testcase classname="testcase.TestRunner" name="LogIn" time="2.213"/>
  <system-out/>
</testsuite> <!-- testcase.TestRunner -->
